2025-08-06 02:24:32,037 - INFO - Iniciando o treinamento do modelo de sentimento...
2025-08-06 02:24:32,049 - INFO - Normalizando textos...
2025-08-06 02:24:32,064 - INFO - Normalização concluída.
2025-08-06 02:24:32,064 - INFO - Exemplos de normalização:
2025-08-06 02:24:32,065 - INFO -   Original: 'Os instrutores são muito atenciosos e motivadores...'
2025-08-06 02:24:32,065 - INFO -   Normalizado: 'os instrutores sao muito atenciosos e motivadores...'
2025-08-06 02:24:32,066 - INFO -   Original: 'A estrutura da academia é excelente...'
2025-08-06 02:24:32,066 - INFO -   Normalizado: 'a estrutura da academia e excelente...'
2025-08-06 02:24:32,067 - INFO -   Original: 'Sempre sou bem recebido na recepção...'
2025-08-06 02:24:32,067 - INFO -   Normalizado: 'sempre sou bem recebido na recepcao...'
2025-08-06 02:24:32,067 - INFO - Total de 301 feedbacks carregados para treinamento.
2025-08-06 02:24:32,072 - INFO - Treinando o pipeline...
2025-08-06 02:24:32,109 - INFO - 
Avaliação do modelo no conjunto de teste:
2025-08-06 02:24:32,113 - INFO - Acurácia geral: 0.6393 (63.93%)
2025-08-06 02:24:32,114 - INFO - 
Desempenho detalhado:
2025-08-06 02:24:32,121 - INFO -               precision    recall  f1-score   support

    negative       0.56      0.43      0.49        21
     neutral       0.70      0.70      0.70        20
    positive       0.64      0.80      0.71        20

    accuracy                           0.64        61
   macro avg       0.63      0.64      0.63        61
weighted avg       0.63      0.64      0.63        61

2025-08-06 02:24:32,127 - INFO - 
Resumo de Métricas:
2025-08-06 02:24:32,127 - INFO -   Acurácia geral: 0.6393 (63.93%)
2025-08-06 02:24:32,129 - INFO - 
Matriz de Confusão:
2025-08-06 02:24:32,129 - INFO - Classes: ['negative' 'neutral' 'positive']
2025-08-06 02:24:32,131 - INFO - Matriz:
[[ 9  5  7]
 [ 4 14  2]
 [ 3  1 16]]
2025-08-06 02:24:32,133 - INFO - 
Análise de Confiança das Predições:
2025-08-06 02:24:32,134 - INFO -   Confiança média: 0.4601
2025-08-06 02:24:32,134 - INFO -   Confiança mínima: 0.3420
2025-08-06 02:24:32,135 - INFO -   Confiança máxima: 0.7174
2025-08-06 02:24:32,135 - WARNING - 
60 predições com baixa confiança (<60%):
2025-08-06 02:24:32,135 - WARNING -   Texto: 'fui tentar falar com o suporte no app e ninguem re...'
2025-08-06 02:24:32,136 - WARNING -   Real: negative, Predito: negative, Confiança: 0.550
2025-08-06 02:24:32,136 - WARNING -   Texto: 'a academia e ok, sem pontos fortes ou fracos...'
2025-08-06 02:24:32,136 - WARNING -   Real: neutral, Predito: neutral, Confiança: 0.508
2025-08-06 02:24:32,136 - WARNING -   Texto: 'tem muitos alunos e poucos profissionais...'
2025-08-06 02:24:32,137 - WARNING -   Real: negative, Predito: positive, Confiança: 0.484
2025-08-06 02:24:32,137 - WARNING -   Texto: 'recebi notificacao errada dizendo que perdi a aula...'
2025-08-06 02:24:32,137 - WARNING -   Real: negative, Predito: neutral, Confiança: 0.373
2025-08-06 02:24:32,137 - WARNING -   Texto: 'equipamentos sujos e antigos...'
2025-08-06 02:24:32,137 - WARNING -   Real: negative, Predito: positive, Confiança: 0.423
2025-08-06 02:24:32,152 - INFO - 
Treinamento concluído! Modelo salvo como 'sentiment_model.joblib'
2025-08-06 02:24:32,152 - INFO - Acurácia final: 0.6393 (63.93%)
2025-08-06 02:24:32,152 - INFO - Confiança média das predições: 0.4601
2025-08-06 02:24:32,153 - INFO - Métricas salvas em 'training_metrics.json'
2025-08-06 02:24:32,154 - INFO - === TREINAMENTO FINALIZADO ===
